{"/Users/azatbolatbekov/VScode/Web/epam/cv-app/src/App.tsx": {"path":"/Users/azatbolatbekov/VScode/Web/epam/cv-app/src/App.tsx","statementMap":{"0":{"start":{"line":1,"column":0},"end":{"line":1,"column":49}},"1":{"start":{"line":2,"column":0},"end":{"line":2,"column":20}},"2":{"start":{"line":3,"column":0},"end":{"line":3,"column":37}},"3":{"start":{"line":4,"column":0},"end":{"line":4,"column":40}},"4":{"start":{"line":7,"column":1},"end":{"line":14,"column":3}},"5":{"start":{"line":17,"column":0},"end":{"line":17,"column":19}}},"fnMap":{"0":{"name":"App","decl":{"start":{"line":6,"column":9},"end":{"line":6,"column":12}},"loc":{"start":{"line":6,"column":12},"end":{"line":15,"column":1}}}},"branchMap":{},"s":{"0":0,"1":0,"2":0,"3":0,"4":0,"5":0},"f":{"0":0},"b":{}}
,"/Users/azatbolatbekov/VScode/Web/epam/cv-app/src/main.tsx": {"path":"/Users/azatbolatbekov/VScode/Web/epam/cv-app/src/main.tsx","statementMap":{"0":{"start":{"line":1,"column":0},"end":{"line":1,"column":35}},"1":{"start":{"line":2,"column":0},"end":{"line":2,"column":46}},"2":{"start":{"line":3,"column":0},"end":{"line":3,"column":22}},"3":{"start":{"line":4,"column":0},"end":{"line":4,"column":28}},"4":{"start":{"line":5,"column":0},"end":{"line":5,"column":49}},"5":{"start":{"line":6,"column":0},"end":{"line":6,"column":43}},"6":{"start":{"line":7,"column":0},"end":{"line":7,"column":39}},"7":{"start":{"line":8,"column":0},"end":{"line":8,"column":39}},"8":{"start":{"line":10,"column":0},"end":{"line":12,"column":1}},"9":{"start":{"line":11,"column":1},"end":{"line":11,"column":14}},"10":{"start":{"line":14,"column":0},"end":{"line":22,"column":2}}},"fnMap":{},"branchMap":{"0":{"loc":{"start":{"line":10,"column":0},"end":{"line":12,"column":1}},"type":"if","locations":[{"start":{"line":10,"column":0},"end":{"line":12,"column":1}}]}},"s":{"0":0,"1":0,"2":0,"3":0,"4":0,"5":0,"6":0,"7":0,"8":0,"9":0,"10":0},"f":{},"b":{"0":[0]}}
,"/Users/azatbolatbekov/VScode/Web/epam/cv-app/src/vite-env.d.ts": {"path":"/Users/azatbolatbekov/VScode/Web/epam/cv-app/src/vite-env.d.ts","statementMap":{},"fnMap":{},"branchMap":{},"s":{},"f":{},"b":{}}
,"/Users/azatbolatbekov/VScode/Web/epam/cv-app/src/app/localStorageMiddleware.ts": {"path":"/Users/azatbolatbekov/VScode/Web/epam/cv-app/src/app/localStorageMiddleware.ts","statementMap":{"0":{"start":{"line":6,"column":1},"end":{"line":23,"column":2}},"1":{"start":{"line":6,"column":15},"end":{"line":23,"column":2}},"2":{"start":{"line":6,"column":25},"end":{"line":23,"column":2}},"3":{"start":{"line":7,"column":17},"end":{"line":7,"column":29}},"4":{"start":{"line":9,"column":2},"end":{"line":20,"column":3}},"5":{"start":{"line":13,"column":17},"end":{"line":13,"column":36}},"6":{"start":{"line":14,"column":3},"end":{"line":19,"column":4}},"7":{"start":{"line":15,"column":23},"end":{"line":15,"column":57}},"8":{"start":{"line":16,"column":4},"end":{"line":16,"column":47}},"9":{"start":{"line":18,"column":4},"end":{"line":18,"column":66}},"10":{"start":{"line":22,"column":2},"end":{"line":22,"column":16}},"11":{"start":{"line":25,"column":0},"end":{"line":25,"column":38}}},"fnMap":{"0":{"name":"(anonymous_0)","decl":{"start":{"line":6,"column":1},"end":{"line":6,"column":2}},"loc":{"start":{"line":6,"column":15},"end":{"line":23,"column":2}}},"1":{"name":"(anonymous_1)","decl":{"start":{"line":6,"column":15},"end":{"line":6,"column":16}},"loc":{"start":{"line":6,"column":25},"end":{"line":23,"column":2}}},"2":{"name":"(anonymous_2)","decl":{"start":{"line":6,"column":25},"end":{"line":6,"column":26}},"loc":{"start":{"line":6,"column":36},"end":{"line":23,"column":2}}}},"branchMap":{"0":{"loc":{"start":{"line":9,"column":2},"end":{"line":20,"column":3}},"type":"if","locations":[{"start":{"line":9,"column":2},"end":{"line":20,"column":3}}]},"1":{"loc":{"start":{"line":10,"column":3},"end":{"line":11,"column":49}},"type":"binary-expr","locations":[{"start":{"line":10,"column":3},"end":{"line":10,"column":36}},{"start":{"line":11,"column":3},"end":{"line":11,"column":49}}]}},"s":{"0":0,"1":0,"2":0,"3":0,"4":0,"5":0,"6":0,"7":0,"8":0,"9":0,"10":0,"11":0},"f":{"0":0,"1":0,"2":0},"b":{"0":[0],"1":[0,0]}}
,"/Users/azatbolatbekov/VScode/Web/epam/cv-app/src/app/store.ts": {"path":"/Users/azatbolatbekov/VScode/Web/epam/cv-app/src/app/store.ts","statementMap":{"0":{"start":{"line":1,"column":0},"end":{"line":1,"column":50}},"1":{"start":{"line":2,"column":0},"end":{"line":2,"column":68}},"2":{"start":{"line":3,"column":0},"end":{"line":3,"column":76}},"3":{"start":{"line":4,"column":0},"end":{"line":4,"column":62}},"4":{"start":{"line":6,"column":13},"end":{"line":14,"column":3}},"5":{"start":{"line":12,"column":2},"end":{"line":13,"column":34}},"6":{"start":{"line":16,"column":0},"end":{"line":16,"column":30}}},"fnMap":{"0":{"name":"(anonymous_10)","decl":{"start":{"line":11,"column":13},"end":{"line":11,"column":14}},"loc":{"start":{"line":12,"column":2},"end":{"line":13,"column":34}}}},"branchMap":{},"s":{"0":0,"1":0,"2":0,"3":0,"4":0,"5":0,"6":0},"f":{"0":0},"b":{}}
,"/Users/azatbolatbekov/VScode/Web/epam/cv-app/src/components/Address/Address.tsx": {"path":"/Users/azatbolatbekov/VScode/Web/epam/cv-app/src/components/Address/Address.tsx","statementMap":{"0":{"start":{"line":3,"column":0},"end":{"line":3,"column":24}},"1":{"start":{"line":1,"column":0},"end":{"line":1,"column":43}},"2":{"start":{"line":4,"column":1},"end":{"line":90,"column":3}}},"fnMap":{"0":{"name":"Address","decl":{"start":{"line":3,"column":24},"end":{"line":3,"column":31}},"loc":{"start":{"line":3,"column":31},"end":{"line":91,"column":1}}}},"branchMap":{},"s":{"0":1,"1":1,"2":1},"f":{"0":1},"b":{}}
,"/Users/azatbolatbekov/VScode/Web/epam/cv-app/src/components/Box/Box.tsx": {"path":"/Users/azatbolatbekov/VScode/Web/epam/cv-app/src/components/Box/Box.tsx","statementMap":{"0":{"start":{"line":9,"column":0},"end":{"line":9,"column":24}},"1":{"start":{"line":2,"column":0},"end":{"line":2,"column":39}},"2":{"start":{"line":10,"column":1},"end":{"line":15,"column":3}}},"fnMap":{"0":{"name":"Box","decl":{"start":{"line":9,"column":24},"end":{"line":9,"column":27}},"loc":{"start":{"line":9,"column":56},"end":{"line":16,"column":1}}}},"branchMap":{},"s":{"0":1,"1":1,"2":2},"f":{"0":2},"b":{}}
,"/Users/azatbolatbekov/VScode/Web/epam/cv-app/src/components/Button/Button.tsx": {"path":"/Users/azatbolatbekov/VScode/Web/epam/cv-app/src/components/Button/Button.tsx","statementMap":{"0":{"start":{"line":14,"column":0},"end":{"line":14,"column":24}},"1":{"start":{"line":2,"column":0},"end":{"line":2,"column":65}},"2":{"start":{"line":3,"column":0},"end":{"line":3,"column":42}},"3":{"start":{"line":22,"column":1},"end":{"line":32,"column":3}}},"fnMap":{"0":{"name":"Button","decl":{"start":{"line":14,"column":24},"end":{"line":14,"column":30}},"loc":{"start":{"line":21,"column":14},"end":{"line":33,"column":1}}}},"branchMap":{"0":{"loc":{"start":{"line":17,"column":1},"end":{"line":17,"column":21}},"type":"default-arg","locations":[{"start":{"line":17,"column":19},"end":{"line":17,"column":21}}]},"1":{"loc":{"start":{"line":18,"column":1},"end":{"line":18,"column":19}},"type":"default-arg","locations":[{"start":{"line":18,"column":17},"end":{"line":18,"column":19}}]},"2":{"loc":{"start":{"line":29,"column":4},"end":{"line":29,"column":67}},"type":"binary-expr","locations":[{"start":{"line":29,"column":4},"end":{"line":29,"column":8}},{"start":{"line":29,"column":12},"end":{"line":29,"column":67}}]}},"s":{"0":2,"1":2,"2":2,"3":7},"f":{"0":7},"b":{"0":[4],"1":[4],"2":[7,3]}}
,"/Users/azatbolatbekov/VScode/Web/epam/cv-app/src/components/Expertise/Expertise.tsx": {"path":"/Users/azatbolatbekov/VScode/Web/epam/cv-app/src/components/Expertise/Expertise.tsx","statementMap":{"0":{"start":{"line":18,"column":0},"end":{"line":18,"column":24}},"1":{"start":{"line":1,"column":0},"end":{"line":1,"column":45}},"2":{"start":{"line":19,"column":1},"end":{"line":38,"column":3}},"3":{"start":{"line":23,"column":5},"end":{"line":23,"column":18}}},"fnMap":{"0":{"name":"Expertise","decl":{"start":{"line":18,"column":24},"end":{"line":18,"column":33}},"loc":{"start":{"line":18,"column":58},"end":{"line":39,"column":1}}},"1":{"name":"(anonymous_2)","decl":{"start":{"line":22,"column":14},"end":{"line":22,"column":15}},"loc":{"start":{"line":23,"column":5},"end":{"line":23,"column":18}}}},"branchMap":{},"s":{"0":1,"1":1,"2":2,"3":2},"f":{"0":2,"1":2},"b":{}}
,"/Users/azatbolatbekov/VScode/Web/epam/cv-app/src/components/Feedback/Feedback.tsx": {"path":"/Users/azatbolatbekov/VScode/Web/epam/cv-app/src/components/Feedback/Feedback.tsx","statementMap":{"0":{"start":{"line":19,"column":0},"end":{"line":19,"column":24}},"1":{"start":{"line":1,"column":0},"end":{"line":1,"column":44}},"2":{"start":{"line":2,"column":0},"end":{"line":2,"column":32}},"3":{"start":{"line":20,"column":1},"end":{"line":44,"column":3}},"4":{"start":{"line":23,"column":4},"end":{"line":23,"column":null}}},"fnMap":{"0":{"name":"Feedback","decl":{"start":{"line":19,"column":24},"end":{"line":19,"column":32}},"loc":{"start":{"line":19,"column":56},"end":{"line":45,"column":1}}},"1":{"name":"(anonymous_2)","decl":{"start":{"line":22,"column":13},"end":{"line":22,"column":14}},"loc":{"start":{"line":23,"column":4},"end":{"line":23,"column":null}}}},"branchMap":{},"s":{"0":1,"1":1,"2":1,"3":1,"4":2},"f":{"0":1,"1":2},"b":{}}
,"/Users/azatbolatbekov/VScode/Web/epam/cv-app/src/components/Info/Info.tsx": {"path":"/Users/azatbolatbekov/VScode/Web/epam/cv-app/src/components/Info/Info.tsx","statementMap":{"0":{"start":{"line":7,"column":0},"end":{"line":7,"column":24}},"1":{"start":{"line":1,"column":0},"end":{"line":1,"column":40}},"2":{"start":{"line":8,"column":4},"end":{"line":12,"column":null}}},"fnMap":{"0":{"name":"Info","decl":{"start":{"line":7,"column":24},"end":{"line":7,"column":28}},"loc":{"start":{"line":7,"column":48},"end":{"line":13,"column":1}}}},"branchMap":{},"s":{"0":2,"1":2,"2":3},"f":{"0":3},"b":{}}
,"/Users/azatbolatbekov/VScode/Web/epam/cv-app/src/components/Navigation/Navigation.tsx": {"path":"/Users/azatbolatbekov/VScode/Web/epam/cv-app/src/components/Navigation/Navigation.tsx","statementMap":{"0":{"start":{"line":24,"column":0},"end":{"line":24,"column":24}},"1":{"start":{"line":1,"column":0},"end":{"line":1,"column":65}},"2":{"start":{"line":2,"column":0},"end":{"line":2,"column":null}},"3":{"start":{"line":11,"column":0},"end":{"line":11,"column":46}},"4":{"start":{"line":12,"column":0},"end":{"line":12,"column":44}},"5":{"start":{"line":14,"column":14},"end":{"line":22,"column":2}},"6":{"start":{"line":25,"column":43},"end":{"line":25,"column":68}},"7":{"start":{"line":27,"column":1},"end":{"line":49,"column":8}},"8":{"start":{"line":28,"column":19},"end":{"line":40,"column":null}},"9":{"start":{"line":30,"column":4},"end":{"line":34,"column":7}},"10":{"start":{"line":31,"column":5},"end":{"line":33,"column":6}},"11":{"start":{"line":32,"column":6},"end":{"line":32,"column":40}},"12":{"start":{"line":43,"column":2},"end":{"line":46,"column":5}},"13":{"start":{"line":44,"column":19},"end":{"line":44,"column":46}},"14":{"start":{"line":45,"column":3},"end":{"line":45,"column":42}},"15":{"start":{"line":45,"column":16},"end":{"line":45,"column":42}},"16":{"start":{"line":48,"column":2},"end":{"line":48,"column":37}},"17":{"start":{"line":48,"column":15},"end":{"line":48,"column":36}},"18":{"start":{"line":51,"column":1},"end":{"line":79,"column":3}},"19":{"start":{"line":55,"column":5},"end":{"line":55,"column":null}},"20":{"start":{"line":62,"column":8},"end":{"line":62,"column":27}},"21":{"start":{"line":63,"column":8},"end":{"line":63,"column":29}},"22":{"start":{"line":64,"column":8},"end":{"line":66,"column":50}}},"fnMap":{"0":{"name":"Navigation","decl":{"start":{"line":24,"column":24},"end":{"line":24,"column":34}},"loc":{"start":{"line":24,"column":34},"end":{"line":80,"column":1}}},"1":{"name":"(anonymous_2)","decl":{"start":{"line":27,"column":11},"end":{"line":27,"column":14}},"loc":{"start":{"line":27,"column":16},"end":{"line":49,"column":2}}},"2":{"name":"(anonymous_3)","decl":{"start":{"line":29,"column":3},"end":{"line":29,"column":4}},"loc":{"start":{"line":29,"column":15},"end":{"line":35,"column":4}}},"3":{"name":"(anonymous_4)","decl":{"start":{"line":30,"column":20},"end":{"line":30,"column":21}},"loc":{"start":{"line":30,"column":30},"end":{"line":34,"column":5}}},"4":{"name":"(anonymous_5)","decl":{"start":{"line":43,"column":16},"end":{"line":43,"column":17}},"loc":{"start":{"line":43,"column":27},"end":{"line":46,"column":3}}},"5":{"name":"(anonymous_6)","decl":{"start":{"line":48,"column":9},"end":{"line":48,"column":12}},"loc":{"start":{"line":48,"column":15},"end":{"line":48,"column":36}}},"6":{"name":"(anonymous_7)","decl":{"start":{"line":54,"column":15},"end":{"line":54,"column":16}},"loc":{"start":{"line":55,"column":5},"end":{"line":55,"column":null}}},"7":{"name":"(anonymous_8)","decl":{"start":{"line":61,"column":16},"end":{"line":61,"column":17}},"loc":{"start":{"line":61,"column":22},"end":{"line":67,"column":8}}}},"branchMap":{"0":{"loc":{"start":{"line":31,"column":5},"end":{"line":33,"column":6}},"type":"if","locations":[{"start":{"line":31,"column":5},"end":{"line":33,"column":6}}]},"1":{"loc":{"start":{"line":45,"column":3},"end":{"line":45,"column":42}},"type":"if","locations":[{"start":{"line":45,"column":3},"end":{"line":45,"column":42}}]},"2":{"loc":{"start":{"line":59,"column":8},"end":{"line":59,"column":null}},"type":"cond-expr","locations":[{"start":{"line":59,"column":31},"end":{"line":59,"column":44}},{"start":{"line":59,"column":47},"end":{"line":59,"column":null}}]}},"s":{"0":1,"1":1,"2":1,"3":1,"4":1,"5":1,"6":4,"7":4,"8":2,"9":0,"10":0,"11":0,"12":2,"13":14,"14":14,"15":14,"16":2,"17":2,"18":4,"19":28,"20":2,"21":2,"22":2},"f":{"0":4,"1":2,"2":0,"3":0,"4":14,"5":2,"6":28,"7":2},"b":{"0":[0],"1":[14],"2":[4,24]}}
,"/Users/azatbolatbekov/VScode/Web/epam/cv-app/src/components/Panel/Panel.tsx": {"path":"/Users/azatbolatbekov/VScode/Web/epam/cv-app/src/components/Panel/Panel.tsx","statementMap":{"0":{"start":{"line":13,"column":0},"end":{"line":13,"column":24}},"1":{"start":{"line":1,"column":0},"end":{"line":1,"column":40}},"2":{"start":{"line":2,"column":0},"end":{"line":2,"column":38}},"3":{"start":{"line":3,"column":0},"end":{"line":3,"column":50}},"4":{"start":{"line":4,"column":0},"end":{"line":4,"column":44}},"5":{"start":{"line":5,"column":0},"end":{"line":5,"column":66}},"6":{"start":{"line":6,"column":0},"end":{"line":6,"column":41}},"7":{"start":{"line":14,"column":1},"end":{"line":53,"column":3}}},"fnMap":{"0":{"name":"Panel","decl":{"start":{"line":13,"column":24},"end":{"line":13,"column":29}},"loc":{"start":{"line":13,"column":65},"end":{"line":54,"column":1}}}},"branchMap":{"0":{"loc":{"start":{"line":18,"column":5},"end":{"line":20,"column":24}},"type":"cond-expr","locations":[{"start":{"line":19,"column":8},"end":{"line":19,"column":49}},{"start":{"line":20,"column":8},"end":{"line":20,"column":24}}]}},"s":{"0":1,"1":1,"2":1,"3":1,"4":1,"5":1,"6":1,"7":2},"f":{"0":2},"b":{"0":[1,1]}}
,"/Users/azatbolatbekov/VScode/Web/epam/cv-app/src/components/PhotoBox/PhotoBox.tsx": {"path":"/Users/azatbolatbekov/VScode/Web/epam/cv-app/src/components/PhotoBox/PhotoBox.tsx","statementMap":{"0":{"start":{"line":11,"column":0},"end":{"line":11,"column":24}},"1":{"start":{"line":1,"column":0},"end":{"line":1,"column":47}},"2":{"start":{"line":2,"column":0},"end":{"line":2,"column":44}},"3":{"start":{"line":17,"column":22},"end":{"line":17,"column":35}},"4":{"start":{"line":19,"column":26},"end":{"line":19,"column":53}},"5":{"start":{"line":21,"column":1},"end":{"line":45,"column":3}}},"fnMap":{"0":{"name":"PhotoBox","decl":{"start":{"line":11,"column":24},"end":{"line":11,"column":32}},"loc":{"start":{"line":16,"column":16},"end":{"line":46,"column":1}}}},"branchMap":{"0":{"loc":{"start":{"line":23,"column":4},"end":{"line":42,"column":null}},"type":"cond-expr","locations":[{"start":{"line":24,"column":4},"end":{"line":30,"column":null}},{"start":{"line":33,"column":4},"end":{"line":41,"column":null}}]}},"s":{"0":1,"1":1,"2":1,"3":2,"4":2,"5":2},"f":{"0":2},"b":{"0":[1,1]}}
,"/Users/azatbolatbekov/VScode/Web/epam/cv-app/src/components/Portfolio/Portfolio.tsx": {"path":"/Users/azatbolatbekov/VScode/Web/epam/cv-app/src/components/Portfolio/Portfolio.tsx","statementMap":{"0":{"start":{"line":83,"column":0},"end":{"line":83,"column":24}},"1":{"start":{"line":1,"column":0},"end":{"line":1,"column":52}},"2":{"start":{"line":2,"column":0},"end":{"line":2,"column":45}},"3":{"start":{"line":3,"column":0},"end":{"line":3,"column":37}},"4":{"start":{"line":4,"column":0},"end":{"line":4,"column":61}},"5":{"start":{"line":5,"column":0},"end":{"line":5,"column":61}},"6":{"start":{"line":16,"column":22},"end":{"line":81,"column":2}},"7":{"start":{"line":84,"column":35},"end":{"line":84,"column":69}},"8":{"start":{"line":85,"column":13},"end":{"line":85,"column":41}},"9":{"start":{"line":86,"column":14},"end":{"line":86,"column":42}},"10":{"start":{"line":88,"column":1},"end":{"line":95,"column":8}},"11":{"start":{"line":89,"column":2},"end":{"line":93,"column":5}},"12":{"start":{"line":94,"column":2},"end":{"line":94,"column":38}},"13":{"start":{"line":94,"column":15},"end":{"line":94,"column":37}},"14":{"start":{"line":97,"column":1},"end":{"line":101,"column":17}},"15":{"start":{"line":98,"column":2},"end":{"line":98,"column":27}},"16":{"start":{"line":98,"column":20},"end":{"line":98,"column":27}},"17":{"start":{"line":99,"column":22},"end":{"line":99,"column":63}},"18":{"start":{"line":100,"column":2},"end":{"line":100,"column":47}},"19":{"start":{"line":103,"column":1},"end":{"line":144,"column":3}},"20":{"start":{"line":107,"column":20},"end":{"line":107,"column":37}},"21":{"start":{"line":114,"column":20},"end":{"line":114,"column":40}},"22":{"start":{"line":121,"column":20},"end":{"line":121,"column":38}},"23":{"start":{"line":130,"column":5},"end":{"line":131,"column":null}}},"fnMap":{"0":{"name":"Portfolio","decl":{"start":{"line":83,"column":24},"end":{"line":83,"column":33}},"loc":{"start":{"line":83,"column":33},"end":{"line":145,"column":1}}},"1":{"name":"(anonymous_2)","decl":{"start":{"line":88,"column":11},"end":{"line":88,"column":14}},"loc":{"start":{"line":88,"column":16},"end":{"line":95,"column":2}}},"2":{"name":"(anonymous_3)","decl":{"start":{"line":94,"column":9},"end":{"line":94,"column":12}},"loc":{"start":{"line":94,"column":15},"end":{"line":94,"column":37}}},"3":{"name":"(anonymous_4)","decl":{"start":{"line":97,"column":11},"end":{"line":97,"column":14}},"loc":{"start":{"line":97,"column":16},"end":{"line":101,"column":2}}},"4":{"name":"(anonymous_5)","decl":{"start":{"line":107,"column":14},"end":{"line":107,"column":17}},"loc":{"start":{"line":107,"column":20},"end":{"line":107,"column":37}}},"5":{"name":"(anonymous_6)","decl":{"start":{"line":114,"column":14},"end":{"line":114,"column":17}},"loc":{"start":{"line":114,"column":20},"end":{"line":114,"column":40}}},"6":{"name":"(anonymous_7)","decl":{"start":{"line":121,"column":14},"end":{"line":121,"column":17}},"loc":{"start":{"line":121,"column":20},"end":{"line":121,"column":38}}},"7":{"name":"(anonymous_8)","decl":{"start":{"line":129,"column":15},"end":{"line":129,"column":16}},"loc":{"start":{"line":130,"column":5},"end":{"line":131,"column":null}}}},"branchMap":{"0":{"loc":{"start":{"line":98,"column":2},"end":{"line":98,"column":27}},"type":"if","locations":[{"start":{"line":98,"column":2},"end":{"line":98,"column":27}}]},"1":{"loc":{"start":{"line":99,"column":22},"end":{"line":99,"column":63}},"type":"cond-expr","locations":[{"start":{"line":99,"column":42},"end":{"line":99,"column":45}},{"start":{"line":99,"column":48},"end":{"line":99,"column":63}}]},"2":{"loc":{"start":{"line":108,"column":16},"end":{"line":108,"column":54}},"type":"cond-expr","locations":[{"start":{"line":108,"column":36},"end":{"line":108,"column":49}},{"start":{"line":108,"column":52},"end":{"line":108,"column":54}}]},"3":{"loc":{"start":{"line":115,"column":16},"end":{"line":115,"column":57}},"type":"cond-expr","locations":[{"start":{"line":115,"column":39},"end":{"line":115,"column":52}},{"start":{"line":115,"column":55},"end":{"line":115,"column":57}}]},"4":{"loc":{"start":{"line":122,"column":16},"end":{"line":122,"column":55}},"type":"cond-expr","locations":[{"start":{"line":122,"column":37},"end":{"line":122,"column":50}},{"start":{"line":122,"column":53},"end":{"line":122,"column":55}}]}},"s":{"0":1,"1":1,"2":1,"3":1,"4":1,"5":1,"6":1,"7":4,"8":4,"9":4,"10":4,"11":2,"12":2,"13":2,"14":4,"15":4,"16":0,"17":4,"18":4,"19":4,"20":0,"21":1,"22":1,"23":32},"f":{"0":4,"1":2,"2":2,"3":4,"4":0,"5":1,"6":1,"7":32},"b":{"0":[0],"1":[2,2],"2":[2,2],"3":[1,3],"4":[1,3]}}
,"/Users/azatbolatbekov/VScode/Web/epam/cv-app/src/components/Skills/Skills.tsx": {"path":"/Users/azatbolatbekov/VScode/Web/epam/cv-app/src/components/Skills/Skills.tsx","statementMap":{"0":{"start":{"line":21,"column":0},"end":{"line":21,"column":24}},"1":{"start":{"line":1,"column":0},"end":{"line":1,"column":42}},"2":{"start":{"line":2,"column":0},"end":{"line":2,"column":38}},"3":{"start":{"line":3,"column":0},"end":{"line":3,"column":59}},"4":{"start":{"line":4,"column":0},"end":{"line":4,"column":27}},"5":{"start":{"line":5,"column":0},"end":{"line":5,"column":66}},"6":{"start":{"line":6,"column":0},"end":{"line":6,"column":55}},"7":{"start":{"line":9,"column":0},"end":{"line":9,"column":33}},"8":{"start":{"line":10,"column":0},"end":{"line":10,"column":77}},"9":{"start":{"line":12,"column":20},"end":{"line":19,"column":2}},"10":{"start":{"line":22,"column":18},"end":{"line":22,"column":44}},"11":{"start":{"line":24,"column":16},"end":{"line":24,"column":69}},"12":{"start":{"line":24,"column":50},"end":{"line":24,"column":68}},"13":{"start":{"line":25,"column":16},"end":{"line":25,"column":70}},"14":{"start":{"line":25,"column":50},"end":{"line":25,"column":69}},"15":{"start":{"line":26,"column":15},"end":{"line":26,"column":75}},"16":{"start":{"line":26,"column":49},"end":{"line":26,"column":74}},"17":{"start":{"line":28,"column":35},"end":{"line":28,"column":50}},"18":{"start":{"line":30,"column":1},"end":{"line":141,"column":3}},"19":{"start":{"line":38,"column":20},"end":{"line":38,"column":49}},"20":{"start":{"line":38,"column":43},"end":{"line":38,"column":48}},"21":{"start":{"line":53,"column":5},"end":{"line":53,"column":25}},"22":{"start":{"line":75,"column":35},"end":{"line":79,"column":9}},"23":{"start":{"line":80,"column":7},"end":{"line":80,"column":36}},"24":{"start":{"line":81,"column":7},"end":{"line":81,"column":19}},"25":{"start":{"line":82,"column":7},"end":{"line":82,"column":27}},"26":{"start":{"line":86,"column":7},"end":{"line":125,"column":null}}},"fnMap":{"0":{"name":"Skills","decl":{"start":{"line":21,"column":24},"end":{"line":21,"column":30}},"loc":{"start":{"line":21,"column":30},"end":{"line":142,"column":1}}},"1":{"name":"(anonymous_11)","decl":{"start":{"line":24,"column":28},"end":{"line":24,"column":29}},"loc":{"start":{"line":24,"column":50},"end":{"line":24,"column":68}}},"2":{"name":"(anonymous_12)","decl":{"start":{"line":25,"column":28},"end":{"line":25,"column":29}},"loc":{"start":{"line":25,"column":50},"end":{"line":25,"column":69}}},"3":{"name":"(anonymous_13)","decl":{"start":{"line":26,"column":27},"end":{"line":26,"column":28}},"loc":{"start":{"line":26,"column":49},"end":{"line":26,"column":74}}},"4":{"name":"(anonymous_14)","decl":{"start":{"line":38,"column":14},"end":{"line":38,"column":17}},"loc":{"start":{"line":38,"column":20},"end":{"line":38,"column":49}}},"5":{"name":"(anonymous_15)","decl":{"start":{"line":38,"column":33},"end":{"line":38,"column":34}},"loc":{"start":{"line":38,"column":43},"end":{"line":38,"column":48}}},"6":{"name":"(anonymous_16)","decl":{"start":{"line":52,"column":16},"end":{"line":52,"column":17}},"loc":{"start":{"line":53,"column":5},"end":{"line":53,"column":25}}},"7":{"name":"(anonymous_17)","decl":{"start":{"line":73,"column":16},"end":{"line":73,"column":17}},"loc":{"start":{"line":73,"column":42},"end":{"line":83,"column":7}}},"8":{"name":"(anonymous_18)","decl":{"start":{"line":85,"column":7},"end":{"line":85,"column":8}},"loc":{"start":{"line":86,"column":7},"end":{"line":125,"column":null}}}},"branchMap":{"0":{"loc":{"start":{"line":36,"column":11},"end":{"line":36,"column":45}},"type":"cond-expr","locations":[{"start":{"line":36,"column":23},"end":{"line":36,"column":31}},{"start":{"line":36,"column":34},"end":{"line":36,"column":45}}]},"1":{"loc":{"start":{"line":42,"column":4},"end":{"line":43,"column":null}},"type":"binary-expr","locations":[{"start":{"line":42,"column":4},"end":{"line":42,"column":24}},{"start":{"line":43,"column":4},"end":{"line":43,"column":58}}]},"2":{"loc":{"start":{"line":45,"column":4},"end":{"line":48,"column":null}},"type":"binary-expr","locations":[{"start":{"line":45,"column":4},"end":{"line":45,"column":23}},{"start":{"line":46,"column":4},"end":{"line":47,"column":null}}]},"3":{"loc":{"start":{"line":63,"column":5},"end":{"line":64,"column":null}},"type":"binary-expr","locations":[{"start":{"line":63,"column":5},"end":{"line":63,"column":24}},{"start":{"line":64,"column":5},"end":{"line":64,"column":64}}]},"4":{"loc":{"start":{"line":68,"column":4},"end":{"line":129,"column":null}},"type":"binary-expr","locations":[{"start":{"line":68,"column":4},"end":{"line":68,"column":13}},{"start":{"line":69,"column":4},"end":{"line":128,"column":null}}]},"5":{"loc":{"start":{"line":122,"column":21},"end":{"line":122,"column":37}},"type":"binary-expr","locations":[{"start":{"line":122,"column":21},"end":{"line":122,"column":28}},{"start":{"line":122,"column":32},"end":{"line":122,"column":37}}]}},"s":{"0":0,"1":0,"2":0,"3":0,"4":0,"5":0,"6":0,"7":0,"8":0,"9":0,"10":0,"11":0,"12":0,"13":0,"14":0,"15":0,"16":0,"17":0,"18":0,"19":0,"20":0,"21":0,"22":0,"23":0,"24":0,"25":0,"26":0},"f":{"0":0,"1":0,"2":0,"3":0,"4":0,"5":0,"6":0,"7":0,"8":0},"b":{"0":[0,0],"1":[0,0],"2":[0,0],"3":[0,0],"4":[0,0],"5":[0,0]}}
,"/Users/azatbolatbekov/VScode/Web/epam/cv-app/src/components/TimeLine/TimeLine.tsx": {"path":"/Users/azatbolatbekov/VScode/Web/epam/cv-app/src/components/TimeLine/TimeLine.tsx","statementMap":{"0":{"start":{"line":10,"column":0},"end":{"line":10,"column":24}},"1":{"start":{"line":1,"column":0},"end":{"line":1,"column":55}},"2":{"start":{"line":2,"column":0},"end":{"line":2,"column":44}},"3":{"start":{"line":5,"column":0},"end":{"line":5,"column":34}},"4":{"start":{"line":6,"column":0},"end":{"line":6,"column":74}},"5":{"start":{"line":7,"column":0},"end":{"line":7,"column":65}},"6":{"start":{"line":8,"column":0},"end":{"line":8,"column":61}},"7":{"start":{"line":11,"column":18},"end":{"line":11,"column":44}},"8":{"start":{"line":13,"column":15},"end":{"line":13,"column":71}},"9":{"start":{"line":13,"column":49},"end":{"line":13,"column":70}},"10":{"start":{"line":15,"column":16},"end":{"line":15,"column":73}},"11":{"start":{"line":15,"column":50},"end":{"line":15,"column":72}},"12":{"start":{"line":16,"column":22},"end":{"line":17,"column":null}},"13":{"start":{"line":17,"column":24},"end":{"line":17,"column":52}},"14":{"start":{"line":20,"column":1},"end":{"line":24,"column":24}},"15":{"start":{"line":21,"column":2},"end":{"line":23,"column":3}},"16":{"start":{"line":22,"column":3},"end":{"line":22,"column":31}},"17":{"start":{"line":26,"column":1},"end":{"line":32,"column":2}},"18":{"start":{"line":27,"column":2},"end":{"line":31,"column":4}},"19":{"start":{"line":34,"column":1},"end":{"line":43,"column":2}},"20":{"start":{"line":35,"column":2},"end":{"line":42,"column":4}},"21":{"start":{"line":45,"column":1},"end":{"line":58,"column":3}},"22":{"start":{"line":48,"column":4},"end":{"line":48,"column":17}}},"fnMap":{"0":{"name":"TimeLine","decl":{"start":{"line":10,"column":24},"end":{"line":10,"column":32}},"loc":{"start":{"line":10,"column":32},"end":{"line":59,"column":1}}},"1":{"name":"(anonymous_2)","decl":{"start":{"line":13,"column":27},"end":{"line":13,"column":28}},"loc":{"start":{"line":13,"column":49},"end":{"line":13,"column":70}}},"2":{"name":"(anonymous_3)","decl":{"start":{"line":15,"column":28},"end":{"line":15,"column":29}},"loc":{"start":{"line":15,"column":50},"end":{"line":15,"column":72}}},"3":{"name":"(anonymous_4)","decl":{"start":{"line":17,"column":2},"end":{"line":17,"column":3}},"loc":{"start":{"line":17,"column":24},"end":{"line":17,"column":52}}},"4":{"name":"(anonymous_5)","decl":{"start":{"line":20,"column":11},"end":{"line":20,"column":14}},"loc":{"start":{"line":20,"column":16},"end":{"line":24,"column":2}}},"5":{"name":"(anonymous_6)","decl":{"start":{"line":47,"column":14},"end":{"line":47,"column":15}},"loc":{"start":{"line":48,"column":4},"end":{"line":48,"column":17}}}},"branchMap":{"0":{"loc":{"start":{"line":21,"column":2},"end":{"line":23,"column":3}},"type":"if","locations":[{"start":{"line":21,"column":2},"end":{"line":23,"column":3}}]},"1":{"loc":{"start":{"line":26,"column":1},"end":{"line":32,"column":2}},"type":"if","locations":[{"start":{"line":26,"column":1},"end":{"line":32,"column":2}}]},"2":{"loc":{"start":{"line":34,"column":1},"end":{"line":43,"column":2}},"type":"if","locations":[{"start":{"line":34,"column":1},"end":{"line":43,"column":2}}]}},"s":{"0":1,"1":1,"2":1,"3":1,"4":1,"5":1,"6":1,"7":3,"8":3,"9":6,"10":3,"11":6,"12":3,"13":6,"14":3,"15":3,"16":0,"17":3,"18":1,"19":2,"20":1,"21":1,"22":2},"f":{"0":3,"1":6,"2":6,"3":6,"4":3,"5":2},"b":{"0":[0],"1":[1],"2":[1]}}
,"/Users/azatbolatbekov/VScode/Web/epam/cv-app/src/features/education/educationSlice.ts": {"path":"/Users/azatbolatbekov/VScode/Web/epam/cv-app/src/features/education/educationSlice.ts","statementMap":{"0":{"start":{"line":1,"column":0},"end":{"line":1,"column":null}},"1":{"start":{"line":19,"column":44},"end":{"line":23,"column":2}},"2":{"start":{"line":25,"column":13},"end":{"line":41,"column":3}},"3":{"start":{"line":30,"column":1},"end":{"line":40,"column":2}},"4":{"start":{"line":31,"column":19},"end":{"line":31,"column":49}},"5":{"start":{"line":32,"column":2},"end":{"line":34,"column":3}},"6":{"start":{"line":33,"column":3},"end":{"line":33,"column":69}},"7":{"start":{"line":35,"column":43},"end":{"line":35,"column":64}},"8":{"start":{"line":36,"column":2},"end":{"line":36,"column":20}},"9":{"start":{"line":38,"column":2},"end":{"line":38,"column":19}},"10":{"start":{"line":39,"column":2},"end":{"line":39,"column":73}},"11":{"start":{"line":43,"column":23},"end":{"line":65,"column":2}},"12":{"start":{"line":48,"column":2},"end":{"line":63,"column":6}},"13":{"start":{"line":50,"column":4},"end":{"line":50,"column":29}},"14":{"start":{"line":51,"column":4},"end":{"line":51,"column":28}},"15":{"start":{"line":56,"column":5},"end":{"line":56,"column":32}},"16":{"start":{"line":57,"column":5},"end":{"line":57,"column":34}},"17":{"start":{"line":61,"column":4},"end":{"line":61,"column":28}},"18":{"start":{"line":62,"column":4},"end":{"line":62,"column":66}},"19":{"start":{"line":67,"column":0},"end":{"line":67,"column":38}}},"fnMap":{"0":{"name":"(anonymous_0)","decl":{"start":{"line":29,"column":31},"end":{"line":29,"column":36}},"loc":{"start":{"line":29,"column":53},"end":{"line":41,"column":1}}},"1":{"name":"(anonymous_1)","decl":{"start":{"line":47,"column":16},"end":{"line":47,"column":17}},"loc":{"start":{"line":47,"column":28},"end":{"line":64,"column":2}}},"2":{"name":"(anonymous_2)","decl":{"start":{"line":49,"column":37},"end":{"line":49,"column":38}},"loc":{"start":{"line":49,"column":47},"end":{"line":52,"column":4}}},"3":{"name":"(anonymous_3)","decl":{"start":{"line":55,"column":4},"end":{"line":55,"column":5}},"loc":{"start":{"line":55,"column":54},"end":{"line":58,"column":5}}},"4":{"name":"(anonymous_4)","decl":{"start":{"line":60,"column":38},"end":{"line":60,"column":39}},"loc":{"start":{"line":60,"column":56},"end":{"line":63,"column":4}}}},"branchMap":{"0":{"loc":{"start":{"line":32,"column":2},"end":{"line":34,"column":3}},"type":"if","locations":[{"start":{"line":32,"column":2},"end":{"line":34,"column":3}}]},"1":{"loc":{"start":{"line":62,"column":25},"end":{"line":62,"column":65}},"type":"binary-expr","locations":[{"start":{"line":62,"column":25},"end":{"line":62,"column":39}},{"start":{"line":62,"column":43},"end":{"line":62,"column":65}}]}},"s":{"0":1,"1":1,"2":1,"3":0,"4":0,"5":0,"6":0,"7":0,"8":0,"9":0,"10":0,"11":1,"12":0,"13":0,"14":0,"15":0,"16":0,"17":0,"18":0,"19":1},"f":{"0":0,"1":0,"2":0,"3":0,"4":0},"b":{"0":[0],"1":[0,0]}}
,"/Users/azatbolatbekov/VScode/Web/epam/cv-app/src/features/skills/skillsSlice.ts": {"path":"/Users/azatbolatbekov/VScode/Web/epam/cv-app/src/features/skills/skillsSlice.ts","statementMap":{"0":{"start":{"line":1,"column":0},"end":{"line":1,"column":65}},"1":{"start":{"line":15,"column":40},"end":{"line":19,"column":2}},"2":{"start":{"line":21,"column":13},"end":{"line":40,"column":3}},"3":{"start":{"line":26,"column":1},"end":{"line":39,"column":2}},"4":{"start":{"line":27,"column":17},"end":{"line":27,"column":47}},"5":{"start":{"line":28,"column":2},"end":{"line":33,"column":3}},"6":{"start":{"line":29,"column":31},"end":{"line":29,"column":49}},"7":{"start":{"line":30,"column":3},"end":{"line":30,"column":17}},"8":{"start":{"line":32,"column":3},"end":{"line":32,"column":13}},"9":{"start":{"line":35,"column":2},"end":{"line":35,"column":19}},"10":{"start":{"line":36,"column":2},"end":{"line":38,"column":4}},"11":{"start":{"line":42,"column":20},"end":{"line":65,"column":2}},"12":{"start":{"line":47,"column":3},"end":{"line":47,"column":36}},"13":{"start":{"line":51,"column":2},"end":{"line":63,"column":6}},"14":{"start":{"line":53,"column":4},"end":{"line":53,"column":29}},"15":{"start":{"line":54,"column":4},"end":{"line":54,"column":30}},"16":{"start":{"line":57,"column":4},"end":{"line":57,"column":31}},"17":{"start":{"line":58,"column":4},"end":{"line":58,"column":33}},"18":{"start":{"line":61,"column":4},"end":{"line":61,"column":28}},"19":{"start":{"line":62,"column":4},"end":{"line":62,"column":74}},"20":{"start":{"line":67,"column":15},"end":{"line":67,"column":48}},"21":{"start":{"line":68,"column":0},"end":{"line":68,"column":35}}},"fnMap":{"0":{"name":"(anonymous_0)","decl":{"start":{"line":25,"column":24},"end":{"line":25,"column":29}},"loc":{"start":{"line":25,"column":46},"end":{"line":40,"column":1}}},"1":{"name":"(anonymous_1)","decl":{"start":{"line":46,"column":2},"end":{"line":46,"column":10}},"loc":{"start":{"line":46,"column":67},"end":{"line":48,"column":3}}},"2":{"name":"(anonymous_2)","decl":{"start":{"line":50,"column":16},"end":{"line":50,"column":17}},"loc":{"start":{"line":50,"column":28},"end":{"line":64,"column":2}}},"3":{"name":"(anonymous_3)","decl":{"start":{"line":52,"column":33},"end":{"line":52,"column":34}},"loc":{"start":{"line":52,"column":43},"end":{"line":55,"column":4}}},"4":{"name":"(anonymous_4)","decl":{"start":{"line":56,"column":35},"end":{"line":56,"column":36}},"loc":{"start":{"line":56,"column":53},"end":{"line":59,"column":4}}},"5":{"name":"(anonymous_5)","decl":{"start":{"line":60,"column":34},"end":{"line":60,"column":35}},"loc":{"start":{"line":60,"column":52},"end":{"line":63,"column":4}}}},"branchMap":{"0":{"loc":{"start":{"line":28,"column":2},"end":{"line":33,"column":3}},"type":"if","locations":[{"start":{"line":28,"column":2},"end":{"line":33,"column":3}},{"start":{"line":31,"column":9},"end":{"line":33,"column":3}}]},"1":{"loc":{"start":{"line":62,"column":25},"end":{"line":62,"column":73}},"type":"binary-expr","locations":[{"start":{"line":62,"column":25},"end":{"line":62,"column":39}},{"start":{"line":62,"column":43},"end":{"line":62,"column":73}}]}},"s":{"0":0,"1":0,"2":0,"3":0,"4":0,"5":0,"6":0,"7":0,"8":0,"9":0,"10":0,"11":0,"12":0,"13":0,"14":0,"15":0,"16":0,"17":0,"18":0,"19":0,"20":0,"21":0},"f":{"0":0,"1":0,"2":0,"3":0,"4":0,"5":0},"b":{"0":[0,0],"1":[0,0]}}
,"/Users/azatbolatbekov/VScode/Web/epam/cv-app/src/pages/Home/Home.tsx": {"path":"/Users/azatbolatbekov/VScode/Web/epam/cv-app/src/pages/Home/Home.tsx","statementMap":{"0":{"start":{"line":6,"column":0},"end":{"line":6,"column":24}},"1":{"start":{"line":1,"column":0},"end":{"line":1,"column":40}},"2":{"start":{"line":2,"column":0},"end":{"line":2,"column":52}},"3":{"start":{"line":3,"column":0},"end":{"line":3,"column":58}},"4":{"start":{"line":4,"column":0},"end":{"line":4,"column":40}},"5":{"start":{"line":7,"column":1},"end":{"line":21,"column":3}}},"fnMap":{"0":{"name":"Home","decl":{"start":{"line":6,"column":24},"end":{"line":6,"column":28}},"loc":{"start":{"line":6,"column":28},"end":{"line":22,"column":1}}}},"branchMap":{},"s":{"0":0,"1":0,"2":0,"3":0,"4":0,"5":0},"f":{"0":0},"b":{}}
,"/Users/azatbolatbekov/VScode/Web/epam/cv-app/src/pages/Inner/Inner.tsx": {"path":"/Users/azatbolatbekov/VScode/Web/epam/cv-app/src/pages/Inner/Inner.tsx","statementMap":{"0":{"start":{"line":15,"column":0},"end":{"line":15,"column":24}},"1":{"start":{"line":1,"column":0},"end":{"line":1,"column":41}},"2":{"start":{"line":2,"column":0},"end":{"line":2,"column":43}},"3":{"start":{"line":3,"column":0},"end":{"line":3,"column":61}},"4":{"start":{"line":4,"column":0},"end":{"line":4,"column":58}},"5":{"start":{"line":5,"column":0},"end":{"line":5,"column":49}},"6":{"start":{"line":6,"column":0},"end":{"line":6,"column":55}},"7":{"start":{"line":7,"column":0},"end":{"line":7,"column":61}},"8":{"start":{"line":8,"column":0},"end":{"line":8,"column":53}},"9":{"start":{"line":9,"column":0},"end":{"line":9,"column":52}},"10":{"start":{"line":10,"column":0},"end":{"line":10,"column":58}},"11":{"start":{"line":11,"column":0},"end":{"line":11,"column":33}},"12":{"start":{"line":12,"column":0},"end":{"line":12,"column":64}},"13":{"start":{"line":13,"column":0},"end":{"line":13,"column":52}},"14":{"start":{"line":16,"column":35},"end":{"line":16,"column":50}},"15":{"start":{"line":17,"column":1},"end":{"line":129,"column":3}},"16":{"start":{"line":28,"column":21},"end":{"line":28,"column":44}},"17":{"start":{"line":28,"column":41},"end":{"line":28,"column":43}},"18":{"start":{"line":123,"column":7},"end":{"line":123,"column":55}}},"fnMap":{"0":{"name":"Inner","decl":{"start":{"line":15,"column":24},"end":{"line":15,"column":29}},"loc":{"start":{"line":15,"column":29},"end":{"line":130,"column":1}}},"1":{"name":"(anonymous_2)","decl":{"start":{"line":28,"column":15},"end":{"line":28,"column":18}},"loc":{"start":{"line":28,"column":21},"end":{"line":28,"column":44}}},"2":{"name":"(anonymous_3)","decl":{"start":{"line":28,"column":34},"end":{"line":28,"column":35}},"loc":{"start":{"line":28,"column":41},"end":{"line":28,"column":43}}},"3":{"name":"(anonymous_4)","decl":{"start":{"line":122,"column":15},"end":{"line":122,"column":18}},"loc":{"start":{"line":122,"column":20},"end":{"line":124,"column":7}}}},"branchMap":{"0":{"loc":{"start":{"line":21,"column":5},"end":{"line":23,"column":22}},"type":"cond-expr","locations":[{"start":{"line":22,"column":8},"end":{"line":22,"column":47}},{"start":{"line":23,"column":8},"end":{"line":23,"column":22}}]},"1":{"loc":{"start":{"line":34,"column":6},"end":{"line":36,"column":23}},"type":"cond-expr","locations":[{"start":{"line":35,"column":9},"end":{"line":35,"column":48}},{"start":{"line":36,"column":9},"end":{"line":36,"column":23}}]}},"s":{"0":0,"1":0,"2":0,"3":0,"4":0,"5":0,"6":0,"7":0,"8":0,"9":0,"10":0,"11":0,"12":0,"13":0,"14":0,"15":0,"16":0,"17":0,"18":0},"f":{"0":0,"1":0,"2":0,"3":0},"b":{"0":[0,0],"1":[0,0]}}
,"/Users/azatbolatbekov/VScode/Web/epam/cv-app/src/services/server.ts": {"path":"/Users/azatbolatbekov/VScode/Web/epam/cv-app/src/services/server.ts","statementMap":{"0":{"start":{"line":3,"column":0},"end":{"line":3,"column":24}},"1":{"start":{"line":1,"column":0},"end":{"line":1,"column":55}},"2":{"start":{"line":6,"column":1},"end":{"line":111,"column":4}},"3":{"start":{"line":15,"column":3},"end":{"line":37,"column":6}},"4":{"start":{"line":41,"column":3},"end":{"line":41,"column":44}},"5":{"start":{"line":42,"column":3},"end":{"line":42,"column":26}},"6":{"start":{"line":44,"column":3},"end":{"line":98,"column":5}},"7":{"start":{"line":47,"column":5},"end":{"line":95,"column":7}},"8":{"start":{"line":100,"column":3},"end":{"line":102,"column":24}},"9":{"start":{"line":101,"column":4},"end":{"line":101,"column":28}},"10":{"start":{"line":104,"column":3},"end":{"line":104,"column":19}},"11":{"start":{"line":106,"column":3},"end":{"line":109,"column":24}},"12":{"start":{"line":107,"column":18},"end":{"line":107,"column":49}},"13":{"start":{"line":108,"column":4},"end":{"line":108,"column":42}}},"fnMap":{"0":{"name":"makeServer","decl":{"start":{"line":3,"column":24},"end":{"line":3,"column":34}},"loc":{"start":{"line":5,"column":6},"end":{"line":112,"column":1}}},"1":{"name":"(anonymous_1)","decl":{"start":{"line":14,"column":2},"end":{"line":14,"column":7}},"loc":{"start":{"line":14,"column":14},"end":{"line":38,"column":3}}},"2":{"name":"(anonymous_2)","decl":{"start":{"line":40,"column":2},"end":{"line":40,"column":8}},"loc":{"start":{"line":40,"column":8},"end":{"line":110,"column":3}}},"3":{"name":"(anonymous_3)","decl":{"start":{"line":46,"column":4},"end":{"line":46,"column":7}},"loc":{"start":{"line":46,"column":9},"end":{"line":96,"column":5}}},"4":{"name":"(anonymous_4)","decl":{"start":{"line":100,"column":23},"end":{"line":100,"column":24}},"loc":{"start":{"line":100,"column":34},"end":{"line":102,"column":4}}},"5":{"name":"(anonymous_5)","decl":{"start":{"line":106,"column":24},"end":{"line":106,"column":25}},"loc":{"start":{"line":106,"column":44},"end":{"line":109,"column":4}}}},"branchMap":{"0":{"loc":{"start":{"line":3,"column":35},"end":{"line":5,"column":6}},"type":"default-arg","locations":[{"start":{"line":5,"column":4},"end":{"line":5,"column":6}}]},"1":{"loc":{"start":{"line":4,"column":1},"end":{"line":4,"column":28}},"type":"default-arg","locations":[{"start":{"line":4,"column":15},"end":{"line":4,"column":28}}]}},"s":{"0":0,"1":0,"2":0,"3":0,"4":0,"5":0,"6":0,"7":0,"8":0,"9":0,"10":0,"11":0,"12":0,"13":0},"f":{"0":0,"1":0,"2":0,"3":0,"4":0,"5":0},"b":{"0":[0],"1":[0]}}
}
