{"/Users/azatbolatbekov/VScode/Web/epam/cv-app/src/vite-env.d.ts": {"path":"/Users/azatbolatbekov/VScode/Web/epam/cv-app/src/vite-env.d.ts","statementMap":{},"fnMap":{},"branchMap":{},"s":{},"f":{},"b":{}}
,"/Users/azatbolatbekov/VScode/Web/epam/cv-app/src/app/store.ts": {"path":"/Users/azatbolatbekov/VScode/Web/epam/cv-app/src/app/store.ts","statementMap":{"0":{"start":{"line":1,"column":0},"end":{"line":1,"column":50}},"1":{"start":{"line":2,"column":0},"end":{"line":2,"column":68}},"2":{"start":{"line":3,"column":0},"end":{"line":3,"column":76}},"3":{"start":{"line":4,"column":0},"end":{"line":4,"column":62}},"4":{"start":{"line":6,"column":13},"end":{"line":14,"column":3}},"5":{"start":{"line":12,"column":2},"end":{"line":13,"column":34}},"6":{"start":{"line":16,"column":0},"end":{"line":16,"column":30}}},"fnMap":{"0":{"name":"(anonymous_0)","decl":{"start":{"line":11,"column":13},"end":{"line":11,"column":14}},"loc":{"start":{"line":12,"column":2},"end":{"line":13,"column":34}}}},"branchMap":{},"s":{"0":0,"1":0,"2":0,"3":0,"4":0,"5":0,"6":0},"f":{"0":0},"b":{}}
,"/Users/azatbolatbekov/VScode/Web/epam/cv-app/src/features/education/educationSlice.ts": {"path":"/Users/azatbolatbekov/VScode/Web/epam/cv-app/src/features/education/educationSlice.ts","statementMap":{"0":{"start":{"line":1,"column":0},"end":{"line":1,"column":null}},"1":{"start":{"line":19,"column":44},"end":{"line":23,"column":2}},"2":{"start":{"line":25,"column":13},"end":{"line":41,"column":3}},"3":{"start":{"line":29,"column":53},"end":{"line":41,"column":2}},"4":{"start":{"line":30,"column":1},"end":{"line":40,"column":2}},"5":{"start":{"line":31,"column":19},"end":{"line":31,"column":49}},"6":{"start":{"line":32,"column":2},"end":{"line":34,"column":3}},"7":{"start":{"line":33,"column":3},"end":{"line":33,"column":69}},"8":{"start":{"line":35,"column":43},"end":{"line":35,"column":64}},"9":{"start":{"line":36,"column":2},"end":{"line":36,"column":20}},"10":{"start":{"line":38,"column":2},"end":{"line":38,"column":19}},"11":{"start":{"line":39,"column":2},"end":{"line":39,"column":73}},"12":{"start":{"line":43,"column":23},"end":{"line":65,"column":2}},"13":{"start":{"line":48,"column":2},"end":{"line":63,"column":6}},"14":{"start":{"line":50,"column":4},"end":{"line":50,"column":29}},"15":{"start":{"line":51,"column":4},"end":{"line":51,"column":28}},"16":{"start":{"line":56,"column":5},"end":{"line":56,"column":32}},"17":{"start":{"line":57,"column":5},"end":{"line":57,"column":34}},"18":{"start":{"line":61,"column":4},"end":{"line":61,"column":28}},"19":{"start":{"line":62,"column":4},"end":{"line":62,"column":66}},"20":{"start":{"line":67,"column":0},"end":{"line":67,"column":38}}},"fnMap":{"0":{"name":"(anonymous_7)","decl":{"start":{"line":29,"column":31},"end":{"line":29,"column":38}},"loc":{"start":{"line":29,"column":53},"end":{"line":41,"column":2}}},"1":{"name":"(anonymous_8)","decl":{"start":{"line":29,"column":53},"end":{"line":29,"column":null}},"loc":{"start":{"line":29,"column":53},"end":{"line":41,"column":1}}},"2":{"name":"(anonymous_9)","decl":{"start":{"line":47,"column":16},"end":{"line":47,"column":17}},"loc":{"start":{"line":47,"column":28},"end":{"line":64,"column":2}}},"3":{"name":"(anonymous_10)","decl":{"start":{"line":49,"column":37},"end":{"line":49,"column":38}},"loc":{"start":{"line":49,"column":47},"end":{"line":52,"column":4}}},"4":{"name":"(anonymous_11)","decl":{"start":{"line":55,"column":4},"end":{"line":55,"column":5}},"loc":{"start":{"line":55,"column":54},"end":{"line":58,"column":5}}},"5":{"name":"(anonymous_12)","decl":{"start":{"line":60,"column":38},"end":{"line":60,"column":39}},"loc":{"start":{"line":60,"column":56},"end":{"line":63,"column":4}}}},"branchMap":{"0":{"loc":{"start":{"line":32,"column":2},"end":{"line":34,"column":3}},"type":"if","locations":[{"start":{"line":32,"column":2},"end":{"line":34,"column":3}}]},"1":{"loc":{"start":{"line":62,"column":25},"end":{"line":62,"column":65}},"type":"binary-expr","locations":[{"start":{"line":62,"column":25},"end":{"line":62,"column":39}},{"start":{"line":62,"column":43},"end":{"line":62,"column":65}}]}},"s":{"0":0,"1":0,"2":0,"3":0,"4":0,"5":0,"6":0,"7":0,"8":0,"9":0,"10":0,"11":0,"12":0,"13":0,"14":0,"15":0,"16":0,"17":0,"18":0,"19":0,"20":0},"f":{"0":0,"1":0,"2":0,"3":0,"4":0,"5":0},"b":{"0":[0],"1":[0,0]}}
,"/Users/azatbolatbekov/VScode/Web/epam/cv-app/src/features/skills/skillsSlice.ts": {"path":"/Users/azatbolatbekov/VScode/Web/epam/cv-app/src/features/skills/skillsSlice.ts","statementMap":{"0":{"start":{"line":1,"column":0},"end":{"line":1,"column":65}},"1":{"start":{"line":15,"column":40},"end":{"line":19,"column":2}},"2":{"start":{"line":21,"column":13},"end":{"line":40,"column":3}},"3":{"start":{"line":25,"column":46},"end":{"line":40,"column":2}},"4":{"start":{"line":26,"column":1},"end":{"line":39,"column":2}},"5":{"start":{"line":27,"column":17},"end":{"line":27,"column":47}},"6":{"start":{"line":28,"column":2},"end":{"line":33,"column":3}},"7":{"start":{"line":29,"column":31},"end":{"line":29,"column":49}},"8":{"start":{"line":30,"column":3},"end":{"line":30,"column":17}},"9":{"start":{"line":32,"column":3},"end":{"line":32,"column":13}},"10":{"start":{"line":35,"column":2},"end":{"line":35,"column":19}},"11":{"start":{"line":36,"column":2},"end":{"line":38,"column":4}},"12":{"start":{"line":42,"column":20},"end":{"line":65,"column":2}},"13":{"start":{"line":47,"column":3},"end":{"line":47,"column":36}},"14":{"start":{"line":51,"column":2},"end":{"line":63,"column":6}},"15":{"start":{"line":53,"column":4},"end":{"line":53,"column":29}},"16":{"start":{"line":54,"column":4},"end":{"line":54,"column":30}},"17":{"start":{"line":57,"column":4},"end":{"line":57,"column":31}},"18":{"start":{"line":58,"column":4},"end":{"line":58,"column":33}},"19":{"start":{"line":61,"column":4},"end":{"line":61,"column":28}},"20":{"start":{"line":62,"column":4},"end":{"line":62,"column":74}},"21":{"start":{"line":67,"column":15},"end":{"line":67,"column":48}},"22":{"start":{"line":68,"column":0},"end":{"line":68,"column":35}}},"fnMap":{"0":{"name":"(anonymous_7)","decl":{"start":{"line":25,"column":24},"end":{"line":25,"column":31}},"loc":{"start":{"line":25,"column":46},"end":{"line":40,"column":2}}},"1":{"name":"(anonymous_8)","decl":{"start":{"line":25,"column":46},"end":{"line":25,"column":null}},"loc":{"start":{"line":25,"column":46},"end":{"line":40,"column":1}}},"2":{"name":"(anonymous_9)","decl":{"start":{"line":46,"column":2},"end":{"line":46,"column":10}},"loc":{"start":{"line":46,"column":67},"end":{"line":48,"column":3}}},"3":{"name":"(anonymous_10)","decl":{"start":{"line":50,"column":16},"end":{"line":50,"column":17}},"loc":{"start":{"line":50,"column":28},"end":{"line":64,"column":2}}},"4":{"name":"(anonymous_11)","decl":{"start":{"line":52,"column":33},"end":{"line":52,"column":34}},"loc":{"start":{"line":52,"column":43},"end":{"line":55,"column":4}}},"5":{"name":"(anonymous_12)","decl":{"start":{"line":56,"column":35},"end":{"line":56,"column":36}},"loc":{"start":{"line":56,"column":53},"end":{"line":59,"column":4}}},"6":{"name":"(anonymous_13)","decl":{"start":{"line":60,"column":34},"end":{"line":60,"column":35}},"loc":{"start":{"line":60,"column":52},"end":{"line":63,"column":4}}}},"branchMap":{"0":{"loc":{"start":{"line":28,"column":2},"end":{"line":33,"column":3}},"type":"if","locations":[{"start":{"line":28,"column":2},"end":{"line":33,"column":3}},{"start":{"line":31,"column":9},"end":{"line":33,"column":3}}]},"1":{"loc":{"start":{"line":62,"column":25},"end":{"line":62,"column":73}},"type":"cond-expr","locations":[{"start":{"line":62,"column":39},"end":{"line":62,"column":43}},{"start":{"line":62,"column":43},"end":{"line":62,"column":73}}]},"2":{"loc":{"start":{"line":62,"column":25},"end":{"line":62,"column":43}},"type":"binary-expr","locations":[{"start":{"line":62,"column":25},"end":{"line":62,"column":43}},{"start":{"line":62,"column":39},"end":{"line":62,"column":43}}]}},"s":{"0":0,"1":0,"2":0,"3":0,"4":0,"5":0,"6":0,"7":0,"8":0,"9":0,"10":0,"11":0,"12":0,"13":0,"14":0,"15":0,"16":0,"17":0,"18":0,"19":0,"20":0,"21":0,"22":0},"f":{"0":0,"1":0,"2":0,"3":0,"4":0,"5":0,"6":0},"b":{"0":[0,0],"1":[0,0],"2":[0,0]}}
,"/Users/azatbolatbekov/VScode/Web/epam/cv-app/src/services/server.ts": {"path":"/Users/azatbolatbekov/VScode/Web/epam/cv-app/src/services/server.ts","statementMap":{"0":{"start":{"line":3,"column":0},"end":{"line":3,"column":24}},"1":{"start":{"line":1,"column":0},"end":{"line":1,"column":55}},"2":{"start":{"line":6,"column":1},"end":{"line":111,"column":4}},"3":{"start":{"line":15,"column":3},"end":{"line":37,"column":6}},"4":{"start":{"line":41,"column":3},"end":{"line":41,"column":44}},"5":{"start":{"line":42,"column":3},"end":{"line":42,"column":26}},"6":{"start":{"line":44,"column":3},"end":{"line":98,"column":5}},"7":{"start":{"line":47,"column":5},"end":{"line":95,"column":7}},"8":{"start":{"line":100,"column":3},"end":{"line":102,"column":24}},"9":{"start":{"line":101,"column":4},"end":{"line":101,"column":28}},"10":{"start":{"line":104,"column":3},"end":{"line":104,"column":19}},"11":{"start":{"line":106,"column":3},"end":{"line":109,"column":24}},"12":{"start":{"line":107,"column":18},"end":{"line":107,"column":49}},"13":{"start":{"line":108,"column":4},"end":{"line":108,"column":42}}},"fnMap":{"0":{"name":"makeServer","decl":{"start":{"line":3,"column":24},"end":{"line":3,"column":34}},"loc":{"start":{"line":5,"column":6},"end":{"line":112,"column":1}}},"1":{"name":"(anonymous_1)","decl":{"start":{"line":14,"column":2},"end":{"line":14,"column":7}},"loc":{"start":{"line":14,"column":14},"end":{"line":38,"column":3}}},"2":{"name":"(anonymous_2)","decl":{"start":{"line":40,"column":2},"end":{"line":40,"column":8}},"loc":{"start":{"line":40,"column":8},"end":{"line":110,"column":3}}},"3":{"name":"(anonymous_3)","decl":{"start":{"line":46,"column":4},"end":{"line":46,"column":7}},"loc":{"start":{"line":46,"column":9},"end":{"line":96,"column":5}}},"4":{"name":"(anonymous_4)","decl":{"start":{"line":100,"column":23},"end":{"line":100,"column":24}},"loc":{"start":{"line":100,"column":34},"end":{"line":102,"column":4}}},"5":{"name":"(anonymous_5)","decl":{"start":{"line":106,"column":24},"end":{"line":106,"column":25}},"loc":{"start":{"line":106,"column":44},"end":{"line":109,"column":4}}}},"branchMap":{"0":{"loc":{"start":{"line":3,"column":35},"end":{"line":5,"column":6}},"type":"default-arg","locations":[{"start":{"line":5,"column":4},"end":{"line":5,"column":6}}]},"1":{"loc":{"start":{"line":4,"column":1},"end":{"line":4,"column":28}},"type":"default-arg","locations":[{"start":{"line":4,"column":15},"end":{"line":4,"column":28}}]}},"s":{"0":0,"1":0,"2":0,"3":0,"4":0,"5":0,"6":0,"7":0,"8":0,"9":0,"10":0,"11":0,"12":0,"13":0},"f":{"0":0,"1":0,"2":0,"3":0,"4":0,"5":0},"b":{"0":[0],"1":[0]}}
}
