TN:
SF:src/App.tsx
FN:6,App
FNF:1
FNH:0
FNDA:0,App
DA:1,0
DA:2,0
DA:3,0
DA:4,0
DA:7,0
DA:17,0
LF:6
LH:0
BRF:0
BRH:0
end_of_record
TN:
SF:src/main.tsx
FNF:0
FNH:0
DA:1,0
DA:2,0
DA:3,0
DA:4,0
DA:5,0
DA:6,0
DA:7,0
DA:8,0
DA:10,0
DA:11,0
DA:14,0
LF:11
LH:0
BRDA:10,0,0,0
BRF:1
BRH:0
end_of_record
TN:
SF:src/vite-env.d.ts
FNF:0
FNH:0
LF:0
LH:0
BRF:0
BRH:0
end_of_record
TN:
SF:src/app/localStorageMiddleware.ts
FN:6,(anonymous_0)
FN:6,(anonymous_1)
FN:6,(anonymous_2)
FNF:3
FNH:0
FNDA:0,(anonymous_0)
FNDA:0,(anonymous_1)
FNDA:0,(anonymous_2)
DA:6,0
DA:7,0
DA:9,0
DA:13,0
DA:14,0
DA:15,0
DA:16,0
DA:18,0
DA:22,0
DA:25,0
LF:10
LH:0
BRDA:9,0,0,0
BRDA:10,1,0,0
BRDA:10,1,1,0
BRF:3
BRH:0
end_of_record
TN:
SF:src/app/store.ts
FN:11,(anonymous_10)
FNF:1
FNH:0
FNDA:0,(anonymous_10)
DA:1,0
DA:2,0
DA:3,0
DA:4,0
DA:6,0
DA:12,0
DA:16,0
LF:7
LH:0
BRF:0
BRH:0
end_of_record
TN:
SF:src/components/Address/Address.tsx
FN:3,Address
FNF:1
FNH:1
FNDA:1,Address
DA:1,1
DA:3,1
DA:4,1
LF:3
LH:3
BRF:0
BRH:0
end_of_record
TN:
SF:src/components/Box/Box.tsx
FN:9,Box
FNF:1
FNH:1
FNDA:2,Box
DA:2,1
DA:9,1
DA:10,2
LF:3
LH:3
BRF:0
BRH:0
end_of_record
TN:
SF:src/components/Button/Button.tsx
FN:14,Button
FNF:1
FNH:1
FNDA:14,Button
DA:2,3
DA:3,3
DA:14,3
DA:22,14
LF:4
LH:4
BRDA:17,0,0,4
BRDA:18,1,0,11
BRDA:29,2,0,14
BRDA:29,2,1,10
BRF:4
BRH:4
end_of_record
TN:
SF:src/components/Expertise/Expertise.tsx
FN:18,Expertise
FN:22,(anonymous_2)
FNF:2
FNH:2
FNDA:2,Expertise
FNDA:2,(anonymous_2)
DA:1,1
DA:18,1
DA:19,2
DA:23,2
LF:4
LH:4
BRF:0
BRH:0
end_of_record
TN:
SF:src/components/Feedback/Feedback.tsx
FN:19,Feedback
FN:22,(anonymous_2)
FNF:2
FNH:2
FNDA:1,Feedback
FNDA:2,(anonymous_2)
DA:1,1
DA:2,1
DA:19,1
DA:20,1
DA:23,2
LF:5
LH:5
BRF:0
BRH:0
end_of_record
TN:
SF:src/components/Info/Info.tsx
FN:7,Info
FNF:1
FNH:1
FNDA:3,Info
DA:1,2
DA:7,2
DA:8,3
LF:3
LH:3
BRF:0
BRH:0
end_of_record
TN:
SF:src/components/Navigation/Navigation.tsx
FN:24,Navigation
FN:27,(anonymous_2)
FN:29,(anonymous_3)
FN:30,(anonymous_4)
FN:43,(anonymous_5)
FN:48,(anonymous_6)
FN:54,(anonymous_7)
FN:61,(anonymous_8)
FNF:8
FNH:6
FNDA:4,Navigation
FNDA:2,(anonymous_2)
FNDA:0,(anonymous_3)
FNDA:0,(anonymous_4)
FNDA:14,(anonymous_5)
FNDA:2,(anonymous_6)
FNDA:28,(anonymous_7)
FNDA:2,(anonymous_8)
DA:1,1
DA:2,1
DA:11,1
DA:12,1
DA:14,1
DA:24,1
DA:25,4
DA:27,4
DA:28,2
DA:30,0
DA:31,0
DA:32,0
DA:43,2
DA:44,14
DA:45,14
DA:48,2
DA:51,4
DA:55,28
DA:62,2
DA:63,2
DA:64,2
LF:21
LH:18
BRDA:31,0,0,0
BRDA:45,1,0,14
BRDA:59,2,0,4
BRDA:59,2,1,24
BRF:4
BRH:3
end_of_record
TN:
SF:src/components/Panel/Panel.tsx
FN:13,Panel
FNF:1
FNH:1
FNDA:2,Panel
DA:1,1
DA:2,1
DA:3,1
DA:4,1
DA:5,1
DA:6,1
DA:13,1
DA:14,2
LF:8
LH:8
BRDA:18,0,0,1
BRDA:18,0,1,1
BRF:2
BRH:2
end_of_record
TN:
SF:src/components/PhotoBox/PhotoBox.tsx
FN:11,PhotoBox
FNF:1
FNH:1
FNDA:2,PhotoBox
DA:1,1
DA:2,1
DA:11,1
DA:17,2
DA:19,2
DA:21,2
LF:6
LH:6
BRDA:23,0,0,1
BRDA:23,0,1,1
BRF:2
BRH:2
end_of_record
TN:
SF:src/components/Portfolio/Portfolio.tsx
FN:83,Portfolio
FN:88,(anonymous_2)
FN:94,(anonymous_3)
FN:97,(anonymous_4)
FN:107,(anonymous_5)
FN:114,(anonymous_6)
FN:121,(anonymous_7)
FN:129,(anonymous_8)
FNF:8
FNH:7
FNDA:4,Portfolio
FNDA:2,(anonymous_2)
FNDA:2,(anonymous_3)
FNDA:4,(anonymous_4)
FNDA:0,(anonymous_5)
FNDA:1,(anonymous_6)
FNDA:1,(anonymous_7)
FNDA:32,(anonymous_8)
DA:1,1
DA:2,1
DA:3,1
DA:4,1
DA:5,1
DA:16,1
DA:83,1
DA:84,4
DA:85,4
DA:86,4
DA:88,4
DA:89,2
DA:94,2
DA:97,4
DA:98,4
DA:99,4
DA:100,4
DA:103,4
DA:107,0
DA:114,1
DA:121,1
DA:130,32
LF:22
LH:21
BRDA:98,0,0,0
BRDA:99,1,0,2
BRDA:99,1,1,2
BRDA:108,2,0,2
BRDA:108,2,1,2
BRDA:115,3,0,1
BRDA:115,3,1,3
BRDA:122,4,0,1
BRDA:122,4,1,3
BRF:9
BRH:8
end_of_record
TN:
SF:src/components/Skills/Skills.tsx
FN:21,Skills
FN:24,(anonymous_11)
FN:25,(anonymous_12)
FN:26,(anonymous_13)
FN:38,(anonymous_14)
FN:38,(anonymous_15)
FN:52,(anonymous_16)
FN:73,(anonymous_17)
FN:85,(anonymous_18)
FNF:9
FNH:9
FNDA:7,Skills
FNDA:11,(anonymous_11)
FNDA:11,(anonymous_12)
FNDA:11,(anonymous_13)
FNDA:3,(anonymous_14)
FNDA:3,(anonymous_15)
FNDA:1,(anonymous_16)
FNDA:1,(anonymous_17)
FNDA:15,(anonymous_18)
DA:1,1
DA:2,1
DA:3,1
DA:4,1
DA:5,1
DA:6,1
DA:9,1
DA:10,1
DA:12,1
DA:21,1
DA:22,7
DA:24,11
DA:25,11
DA:26,11
DA:28,7
DA:30,7
DA:38,3
DA:53,1
DA:75,1
DA:80,1
DA:81,1
DA:82,1
DA:86,15
LF:23
LH:23
BRDA:36,0,0,3
BRDA:36,0,1,4
BRDA:42,1,0,7
BRDA:42,1,1,0
BRDA:45,2,0,7
BRDA:45,2,1,0
BRDA:63,3,0,7
BRDA:63,3,1,6
BRDA:68,4,0,7
BRDA:68,4,1,3
BRDA:122,5,0,15
BRDA:122,5,1,7
BRF:12
BRH:10
end_of_record
TN:
SF:src/components/TimeLine/TimeLine.tsx
FN:10,TimeLine
FN:13,(anonymous_2)
FN:15,(anonymous_3)
FN:17,(anonymous_4)
FN:20,(anonymous_5)
FN:47,(anonymous_6)
FNF:6
FNH:6
FNDA:3,TimeLine
FNDA:6,(anonymous_2)
FNDA:6,(anonymous_3)
FNDA:6,(anonymous_4)
FNDA:3,(anonymous_5)
FNDA:2,(anonymous_6)
DA:1,1
DA:2,1
DA:5,1
DA:6,1
DA:7,1
DA:8,1
DA:10,1
DA:11,3
DA:13,6
DA:15,6
DA:16,3
DA:17,6
DA:20,3
DA:21,3
DA:22,0
DA:26,3
DA:27,1
DA:34,2
DA:35,1
DA:45,1
DA:48,2
LF:21
LH:20
BRDA:21,0,0,0
BRDA:26,1,0,1
BRDA:34,2,0,1
BRF:3
BRH:2
end_of_record
TN:
SF:src/features/education/educationSlice.ts
FN:29,(anonymous_0)
FN:47,(anonymous_1)
FN:49,(anonymous_2)
FN:55,(anonymous_3)
FN:60,(anonymous_4)
FNF:5
FNH:0
FNDA:0,(anonymous_0)
FNDA:0,(anonymous_1)
FNDA:0,(anonymous_2)
FNDA:0,(anonymous_3)
FNDA:0,(anonymous_4)
DA:1,1
DA:19,1
DA:25,1
DA:30,0
DA:31,0
DA:32,0
DA:33,0
DA:35,0
DA:36,0
DA:38,0
DA:39,0
DA:43,1
DA:48,0
DA:50,0
DA:51,0
DA:56,0
DA:57,0
DA:61,0
DA:62,0
DA:67,1
LF:20
LH:5
BRDA:32,0,0,0
BRDA:62,1,0,0
BRDA:62,1,1,0
BRF:3
BRH:0
end_of_record
TN:
SF:src/features/skills/skillsSlice.ts
FN:25,(anonymous_0)
FN:46,(anonymous_1)
FN:50,(anonymous_2)
FN:52,(anonymous_3)
FN:56,(anonymous_4)
FN:60,(anonymous_5)
FNF:6
FNH:2
FNDA:0,(anonymous_0)
FNDA:1,(anonymous_1)
FNDA:1,(anonymous_2)
FNDA:0,(anonymous_3)
FNDA:0,(anonymous_4)
FNDA:0,(anonymous_5)
DA:1,1
DA:15,1
DA:21,1
DA:26,0
DA:27,0
DA:28,0
DA:29,0
DA:30,0
DA:32,0
DA:35,0
DA:36,0
DA:42,1
DA:47,1
DA:51,1
DA:53,0
DA:54,0
DA:57,0
DA:58,0
DA:61,0
DA:62,0
DA:67,1
DA:68,1
LF:22
LH:8
BRDA:28,0,0,0
BRDA:28,0,1,0
BRDA:62,1,0,0
BRDA:62,1,1,0
BRF:4
BRH:0
end_of_record
TN:
SF:src/pages/Home/Home.tsx
FN:6,Home
FNF:1
FNH:0
FNDA:0,Home
DA:1,0
DA:2,0
DA:3,0
DA:4,0
DA:6,0
DA:7,0
LF:6
LH:0
BRF:0
BRH:0
end_of_record
TN:
SF:src/pages/Inner/Inner.tsx
FN:15,Inner
FN:28,(anonymous_2)
FN:28,(anonymous_3)
FN:122,(anonymous_4)
FNF:4
FNH:0
FNDA:0,Inner
FNDA:0,(anonymous_2)
FNDA:0,(anonymous_3)
FNDA:0,(anonymous_4)
DA:1,0
DA:2,0
DA:3,0
DA:4,0
DA:5,0
DA:6,0
DA:7,0
DA:8,0
DA:9,0
DA:10,0
DA:11,0
DA:12,0
DA:13,0
DA:15,0
DA:16,0
DA:17,0
DA:28,0
DA:123,0
LF:18
LH:0
BRDA:21,0,0,0
BRDA:21,0,1,0
BRDA:34,1,0,0
BRDA:34,1,1,0
BRF:4
BRH:0
end_of_record
TN:
SF:src/services/server.ts
FN:3,makeServer
FN:14,(anonymous_1)
FN:40,(anonymous_2)
FN:46,(anonymous_3)
FN:100,(anonymous_4)
FN:106,(anonymous_5)
FNF:6
FNH:0
FNDA:0,makeServer
FNDA:0,(anonymous_1)
FNDA:0,(anonymous_2)
FNDA:0,(anonymous_3)
FNDA:0,(anonymous_4)
FNDA:0,(anonymous_5)
DA:1,0
DA:3,0
DA:6,0
DA:15,0
DA:41,0
DA:42,0
DA:44,0
DA:47,0
DA:100,0
DA:101,0
DA:104,0
DA:106,0
DA:107,0
DA:108,0
LF:14
LH:0
BRDA:3,0,0,0
BRDA:4,1,0,0
BRF:2
BRH:0
end_of_record
